Arguments: 
  /home/tmc/.nvm/versions/node/v16.19.1/bin/node /snap/node/7268/bin/yarn.js upgrade --latest

PATH: 
  /home/tmc/ap/vol6/redis-pop-up-store-docker-compose-grafana-updated/node_modules/.bin:/home/tmc/ap/vol6/node_modules/.bin:/home/tmc/ap/node_modules/.bin:/home/tmc/node_modules/.bin:/home/node_modules/.bin:/node_modules/.bin:/home/tmc/.nvm/versions/node/v16.19.1/lib/node_modules/npm/node_modules/@npmcli/run-script/lib/node-gyp-bin:/home/tmc/.pyenv/shims:/root/.deno/bin:/home/tmc/.vscode-server/bin/ee2b180d582a7f601fa6ecfdad8d9fd269ab1884/bin/remote-cli:/home/tmc/.pyenv/bin:/root/.deno/bin:/home/tmc/.nvm/versions/node/v16.19.1/bin:/usr/local/sbin:/usr/local/bin:/usr/sbin:/usr/bin:/sbin:/bin:/usr/games:/usr/local/games:/snap/bin:/usr/local/go/bin:/home/tmc/.local/bin:/usr/local/go/bin:/home/tmc/.local/bin

Yarn version: 
  1.22.19

Node version: 
  16.19.1

Platform: 
  linux x64

Trace: 
  SyntaxError: Invalid value type 38:0 in /home/tmc/ap/vol6/redis-pop-up-store-docker-compose-grafana-updated/yarn.lock
      at Parser.unexpected (/snap/node/7268/lib/cli.js:63491:11)
      at Parser.parse (/snap/node/7268/lib/cli.js:63619:16)
      at Parser.parse (/snap/node/7268/lib/cli.js:63596:26)
      at parse (/snap/node/7268/lib/cli.js:63696:21)
      at module.exports.exports.default (/snap/node/7268/lib/cli.js:63258:96)
      at Function.<anonymous> (/snap/node/7268/lib/cli.js:3068:63)
      at Generator.next (<anonymous>)
      at step (/snap/node/7268/lib/cli.js:310:30)
      at /snap/node/7268/lib/cli.js:321:13

npm manifest: 
  {
    "author": "Mikhail Volkov",
    "dependencies": {
      "ioredis": "^4.28.2",
      "lodash": "^4.17.21"
    },
    "description": "Pop-up store using RedisTimeSeries, RedisGears and Redis plugins for Grafana",
    "license": "Apache-2.0",
    "name": "redis-pop-up-store-docker-compose-grafana-updated",
    "scripts": {
      "deploy": "git add . && git commit -m Build && git push",
      "docker:build": "docker-compose build",
      "redis-cli": "docker exec -it redis redis-cli",
      "simulation": "npm i; node src/pop-up-store.js",
      "start": "docker-compose pull && docker-compose up",
      "stop": "docker-compose down",
      "upgrade": "yarn upgrade --latest"
    },
    "version": "2.1.0"
  }

yarn manifest: 
  No manifest

Lockfile: 
  # THIS IS AN AUTOGENERATED FILE. DO NOT EDIT THIS FILE DIRECTLY.
  # yarn lockfile v1
  
  
  cluster-key-slot@^1.1.0:
    version "1.1.0"
    resolved "https://registry.npmjs.org/cluster-key-slot/-/cluster-key-slot-1.1.0.tgz"
    integrity sha512-2Nii8p3RwAPiFwsnZvukotvow2rIHM+yQ6ZcBXGHdniadkYGZYiGmkHJIbZPIV9nfv7m/U1IPMVVcAhoWFeklw==
  
  debug@^4.3.1:
    version "4.3.3"
    resolved "https://registry.npmjs.org/debug/-/debug-4.3.3.tgz"
    integrity sha512-/zxw5+vh1Tfv+4Qn7a5nsbcJKPaSvCDhojn6FEl9vupwK2VCSDtEiEtqr8DFtzYFOdz63LBkxec7DYuc2jon6Q==
    dependencies:
      ms "2.1.2"
  
  denque@^1.1.0:
    version "1.5.1"
    resolved "https://registry.npmjs.org/denque/-/denque-1.5.1.tgz"
    integrity sha512-XwE+iZ4D6ZUB7mfYRMb5wByE8L74HCn30FBN7sWnXksWc1LO1bPDl67pBR9o/kC4z/xSNAwkMYcGgqDV3BE3Hw==
  
  ioredis@^4.28.2:
    version "4.28.2"
    resolved "https://registry.npmjs.org/ioredis/-/ioredis-4.28.2.tgz"
    integrity sha512-kQ+Iv7+c6HsDdPP2XUHaMv8DhnSeAeKEwMbaoqsXYbO+03dItXt7+5jGQDRyjdRUV2rFJbzg7P4Qt1iX2tqkOg==
    dependencies:
      cluster-key-slot "^1.1.0"
      debug "^4.3.1"
      denque "^1.1.0"
      lodash.defaults "^4.2.0"
      lodash.flatten "^4.4.0"
      lodash.isarguments "^3.1.0"
      p-map "^2.1.0"
      redis-commands "1.7.0"
      redis-errors "^1.2.0"
      redis-parser "^3.0.0"
      standard-as-callback "^2.1.0"
  
  lodash.defaults@^4.2.0:
    version "4.2.0"
    resolved "https://registry.npmjs.org/lodash.defaults/-/lodash.defaults-4.2.0.tgz"
    integrity sha1-0JF4cW/+pN3p5ft7N/bwgCJ0WAw= sha512-qjxPLHd3r5DnsdGacqOMU6pb/avJzdh9tFX2ymgoZE27BmjXrNy/y4LoaiTeAb+O3gL8AfpJGtqfX/ae2leYYQ==
  
  lodash.flatten@^4.4.0:
    version "4.4.0"
    resolved "https://registry.npmjs.org/lodash.flatten/-/lodash.flatten-4.4.0.tgz"
    integrity sha1-8xwiIlqWMtK7+OSt2+8kCqdlph8= sha512-C5N2Z3DgnnKr0LOpv/hKCgKdb7ZZwafIrsesve6lmzvZIRZRGaZ/l6Q8+2W7NaT+ZwO3fFlSCzCzrDCFdJfZ4g==
  
  lodash.isarguments@^3.1.0:
    version "3.1.0"
    resolved "https://registry.npmjs.org/lodash.isarguments/-/lodash.isarguments-3.1.0.tgz"
    integrity sha1-L1c9hcaiQon/AGY7SRwdM4/zRYo= sha512-chi4NHZlZqZD18a0imDHnZPrDeBbTtVN7GXMwuGdRH9qotxAjYs3aVLKc7zNOG9eddR5Ksd8rvFEBc9SsggPpg==
  
  lodash@^4.17.21:
    version "4.17.21"
    resolved "https://registry.npmjs.org/lodash/-/lodash-4.17.21.tgz"
    integrity sha512-v2kDEe57lecTulaDIuNTPy3Ry4gLGJ6Z1O3vE1krgXZNrsQ+LFTGHVxVjcXPs17LhbZVGedAJv8XZ1tvj5FvSg==
  
  ms@2.1.2:
    version "2.1.2"
    resolved "https://registry.npmjs.org/ms/-/ms-2.1.2.tgz"
    integrity sha512-sGkPx+VjMtmA6MX27oA4FBFELFCZZ4S4XqeGOXCv68tT+jb3vk/RyaKWP0PTKyWtmLSM0b+adUTEvbs1PEaH2w==
  
  p-map@^2.1.0:
    version "2.1.0"
    resolved "https://registry.npmjs.org/p-map/-/p-map-2.1.0.tgz"
    integrity sha512-y3b8Kpd8OAN444hxfBbFfj1FY/RjtTd8tzYwhUqNYXx0fXx2iX4maP4Qr6qhIKbQXI02wTLAda4fYUbDagTUFw==
  
  redis-commands@1.7.0:
    version "1.7.0"
    resolved "https://registry.npmjs.org/redis-commands/-/redis-commands-1.7.0.tgz"
    integrity sha512-nJWqw3bTFy21hX/CPKHth6sfhZbdiHP6bTawSgQBlKOVRG7EZkfHbbHwQJnrE4vsQf0CMNE+3gJ4Fmm16vdVlQ==
  
  redis-errors@^1.0.0, redis-errors@^1.2.0:
    version "1.2.0"
    resolved "https://registry.npmjs.org/redis-errors/-/redis-errors-1.2.0.tgz"
    integrity sha1-62LSrbFeTq9GEMBK/hUpOEJQq60= sha512-1qny3OExCf0UvUV/5wpYKf2YwPcOqXzkwKKSmKHiE6ZMQs5heeE/c8eXK+PNllPvmjgAbfnsbpkGZWy8cBpn9w==
  
  redis-parser@^3.0.0:
    version "3.0.0"
    resolved "https://registry.npmjs.org/redis-parser/-/redis-parser-3.0.0.tgz"
    integrity sha1-tm2CjNyv5rS4pCin3vTGvKwxyLQ= sha512-DJnGAeenTdpMEH6uAJRK/uiyEIH9WVsUmoLwzudwGJUwZPp80PDBWPHXSAGNPwNvIXAbe7MSUB1zQFugFml66A==
    dependencies:
      redis-errors "^1.0.0"
  
  standard-as-callback@^2.1.0:
    version "2.1.0"
    resolved "https://registry.npmjs.org/standard-as-callback/-/standard-as-callback-2.1.0.tgz"
    integrity sha512-qoRRSyROncaz1z0mvYqIE4lCd9p2R90i6GxW3uZv5ucSu8tU7B5HXUP1gG8pVZsYNVaXjk8ClXHPttLyxAL48A==
